Flow report for lab_4
Tue Nov 27 11:28:25 2012
Quartus II 64-Bit Version 12.1 Build 177 11/07/2012 SJ Web Edition


---------------------
; Table of Contents ;
---------------------
  1. Legal Notice
  2. Flow Summary
  3. Flow Settings
  4. Flow Non-Default Global Settings
  5. Flow Elapsed Time
  6. Flow OS Summary
  7. Flow Log



----------------
; Legal Notice ;
----------------
Copyright (C) 1991-2012 Altera Corporation
Your use of Altera Corporation's design tools, logic functions 
and other software and tools, and its AMPP partner logic 
functions, and any output files from any of the foregoing 
(including device programming or simulation files), and any 
associated documentation or information are expressly subject 
to the terms and conditions of the Altera Program License 
Subscription Agreement, Altera MegaCore Function License 
Agreement, or other applicable license agreement, including, 
without limitation, that your use is for the sole purpose of 
programming logic devices manufactured by Altera and sold by 
Altera or its authorized distributors.  Please refer to the 
applicable agreement for further details.



+-------------------------------------------------------------------------------+
; Flow Summary                                                                  ;
+------------------------------------+------------------------------------------+
; Flow Status                        ; Successful - Tue Nov 27 11:28:22 2012    ;
; Quartus II 64-Bit Version          ; 12.1 Build 177 11/07/2012 SJ Web Edition ;
; Revision Name                      ; lab_4                                    ;
; Top-level Entity Name              ; lab_4                                    ;
; Family                             ; Cyclone II                               ;
; Device                             ; EP2C35F672C6                             ;
; Timing Models                      ; Final                                    ;
; Total logic elements               ; 4,625 / 33,216 ( 14 % )                  ;
;     Total combinational functions  ; 4,152 / 33,216 ( 13 % )                  ;
;     Dedicated logic registers      ; 2,737 / 33,216 ( 8 % )                   ;
; Total registers                    ; 2789                                     ;
; Total pins                         ; 80 / 475 ( 17 % )                        ;
; Total virtual pins                 ; 0                                        ;
; Total memory bits                  ; 69,696 / 483,840 ( 14 % )                ;
; Embedded Multiplier 9-bit elements ; 4 / 70 ( 6 % )                           ;
; Total PLLs                         ; 1 / 4 ( 25 % )                           ;
+------------------------------------+------------------------------------------+


+-----------------------------------------+
; Flow Settings                           ;
+-------------------+---------------------+
; Option            ; Setting             ;
+-------------------+---------------------+
; Start date & time ; 11/27/2012 11:27:38 ;
; Main task         ; Compilation         ;
; Revision Name     ; lab_4               ;
+-------------------+---------------------+


+--------------------------------------------------------------------------------------------------------------------------------+
; Flow Non-Default Global Settings                                                                                               ;
+-------------------------------------+---------------------------------------+---------------+-----------------+----------------+
; Assignment Name                     ; Value                                 ; Default Value ; Entity Name     ; Section Id     ;
+-------------------------------------+---------------------------------------+---------------+-----------------+----------------+
; COMPILER_SIGNATURE_ID               ; 171859729007325.135403365702936       ; --            ; --              ; --             ;
; EDA_OUTPUT_DATA_FORMAT              ; None                                  ; --            ; --              ; eda_simulation ;
; IP_TOOL_ENV                         ; sopc                                  ; --            ; segment_display ; --             ;
; IP_TOOL_ENV                         ; sopc                                  ; --            ; sevenseg        ; --             ;
; IP_TOOL_NAME                        ; ALTPLL                                ; --            ; --              ; --             ;
; IP_TOOL_NAME                        ; sopc                                  ; --            ; segment_display ; --             ;
; IP_TOOL_NAME                        ; sopc                                  ; --            ; sevenseg        ; --             ;
; IP_TOOL_VERSION                     ; 12.1                                  ; --            ; --              ; --             ;
; IP_TOOL_VERSION                     ; 12.1                                  ; --            ; segment_display ; --             ;
; IP_TOOL_VERSION                     ; 12.0sp2                               ; --            ; sevenseg        ; --             ;
; MAX_CORE_JUNCTION_TEMP              ; 85                                    ; --            ; --              ; --             ;
; MIN_CORE_JUNCTION_TEMP              ; 0                                     ; --            ; --              ; --             ;
; MISC_FILE                           ; sdram_pll.bsf                         ; --            ; --              ; --             ;
; MISC_FILE                           ; sdram_pll.ppf                         ; --            ; --              ; --             ;
; PARTITION_COLOR                     ; 16764057                              ; --            ; --              ; Top            ;
; PARTITION_FITTER_PRESERVATION_LEVEL ; PLACEMENT_AND_ROUTING                 ; --            ; --              ; Top            ;
; PARTITION_NETLIST_TYPE              ; SOURCE                                ; --            ; --              ; Top            ;
; POWER_BOARD_THERMAL_MODEL           ; None (CONSERVATIVE)                   ; --            ; --              ; --             ;
; POWER_PRESET_COOLING_SOLUTION       ; 23 MM HEAT SINK WITH 200 LFPM AIRFLOW ; --            ; --              ; --             ;
; SOPC_BUILDER_SIGNATURE_ID           ; Bcaec57515f40000013ad613e85b          ; --            ; --              ; --             ;
; SOPC_BUILDER_SIGNATURE_ID           ; Bcaec57515f40000013b429a3483          ; --            ; --              ; --             ;
+-------------------------------------+---------------------------------------+---------------+-----------------+----------------+


+-------------------------------------------------------------------------------------------------------------------------------+
; Flow Elapsed Time                                                                                                             ;
+---------------------------+--------------+-------------------------+---------------------+------------------------------------+
; Module Name               ; Elapsed Time ; Average Processors Used ; Peak Virtual Memory ; Total CPU Time (on all processors) ;
+---------------------------+--------------+-------------------------+---------------------+------------------------------------+
; Analysis & Synthesis      ; 00:00:20     ; 1.0                     ; 602 MB              ; 00:00:19                           ;
; Fitter                    ; 00:00:19     ; 2.0                     ; 718 MB              ; 00:00:24                           ;
; Assembler                 ; 00:00:02     ; 1.0                     ; 445 MB              ; 00:00:02                           ;
; TimeQuest Timing Analyzer ; 00:00:02     ; 1.0                     ; 499 MB              ; 00:00:01                           ;
; Total                     ; 00:00:43     ; --                      ; --                  ; 00:00:46                           ;
+---------------------------+--------------+-------------------------+---------------------+------------------------------------+


+----------------------------------------------------------------------------------------+
; Flow OS Summary                                                                        ;
+---------------------------+------------------+-----------+------------+----------------+
; Module Name               ; Machine Hostname ; OS Name   ; OS Version ; Processor type ;
+---------------------------+------------------+-----------+------------+----------------+
; Analysis & Synthesis      ; JARVIS           ; Windows 7 ; 6.1        ; x86_64         ;
; Fitter                    ; JARVIS           ; Windows 7 ; 6.1        ; x86_64         ;
; Assembler                 ; JARVIS           ; Windows 7 ; 6.1        ; x86_64         ;
; TimeQuest Timing Analyzer ; JARVIS           ; Windows 7 ; 6.1        ; x86_64         ;
+---------------------------+------------------+-----------+------------+----------------+


------------
; Flow Log ;
------------
quartus_map --read_settings_files=on --write_settings_files=off lab_4 -c lab_4
quartus_fit --read_settings_files=off --write_settings_files=off lab_4 -c lab_4
quartus_asm --read_settings_files=off --write_settings_files=off lab_4 -c lab_4
quartus_sta lab_4 -c lab_4



