EDA Netlist Writer report for lab_4
Tue Nov 06 11:18:02 2012
Quartus II 64-Bit Version 12.0 Build 263 08/02/2012 Service Pack 2 SJ Full Version


---------------------
; Table of Contents ;
---------------------
  1. Legal Notice
  2. EDA Netlist Writer Summary
  3. EDA Netlist Writer Messages



----------------
; Legal Notice ;
----------------
Copyright (C) 1991-2012 Altera Corporation
Your use of Altera Corporation's design tools, logic functions 
and other software and tools, and its AMPP partner logic 
functions, and any output files from any of the foregoing 
(including device programming or simulation files), and any 
associated documentation or information are expressly subject 
to the terms and conditions of the Altera Program License 
Subscription Agreement, Altera MegaCore Function License 
Agreement, or other applicable license agreement, including, 
without limitation, that your use is for the sole purpose of 
programming logic devices manufactured by Altera and sold by 
Altera or its authorized distributors.  Please refer to the 
applicable agreement for further details.



+---------------------------------------------------------------+
; EDA Netlist Writer Summary                                    ;
+---------------------------+-----------------------------------+
; EDA Netlist Writer Status ; Failed - Tue Nov 06 11:18:02 2012 ;
; Revision Name             ; lab_4                             ;
; Top-level Entity Name     ; lab_4                             ;
; Family                    ; Cyclone II                        ;
+---------------------------+-----------------------------------+


+-----------------------------+
; EDA Netlist Writer Messages ;
+-----------------------------+
Info: *******************************************************************
Info: Running Quartus II 64-Bit EDA Netlist Writer
    Info: Version 12.0 Build 263 08/02/2012 Service Pack 2 SJ Full Version
    Info: Processing started: Tue Nov 06 11:18:01 2012
Info: Command: quartus_eda --read_settings_files=off --write_settings_files=off lab_4 -c lab_4
Error (204012): Can't generate netlist output files because the file "C:/ECT363/Lab4/cpu_0.vhd" is an OpenCore Plus time-limited file
Error (204009): Can't generate netlist output files because the license for encrypted file "C:/ECT363/Lab4/cpu_0.vhd" is not available
Error (204012): Can't generate netlist output files because the file "C:/ECT363/Lab4/cpu_0.vhd" is an OpenCore Plus time-limited file
Error (204009): Can't generate netlist output files because the license for encrypted file "C:/ECT363/Lab4/cpu_0.vhd" is not available
Error (204012): Can't generate netlist output files because the file "C:/ECT363/Lab4/cpu_0.vhd" is an OpenCore Plus time-limited file
Error (204009): Can't generate netlist output files because the license for encrypted file "C:/ECT363/Lab4/cpu_0.vhd" is not available
Error (204012): Can't generate netlist output files because the file "C:/ECT363/Lab4/cpu_0.vhd" is an OpenCore Plus time-limited file
Error (204009): Can't generate netlist output files because the license for encrypted file "C:/ECT363/Lab4/cpu_0.vhd" is not available
Error: Quartus II 64-Bit EDA Netlist Writer was unsuccessful. 8 errors, 0 warnings
    Error: Peak virtual memory: 385 megabytes
    Error: Processing ended: Tue Nov 06 11:18:02 2012
    Error: Elapsed time: 00:00:01
    Error: Total CPU time (on all processors): 00:00:01


